Eleanor
Soraya
Berta
Tassia
Dino
Teodemiro
Eleonora
Dalton
Kaline
Germano
Noa
Rogerio
Amena
Jader
Raymunda
Cicero
Florencio
Demetrio
Noemi
Martinho
Belarmino
Nuno
Norberta
Angelina
Angelo
Edelvira
Genezia
Josias
Geovana
Andresca
Adeir
Ernesto
Adriane
Ione
Calenice
Diana
Cirilo
Ademir
Rosilda
Lisandro
Roseli
Max
Alzerina
Albanita
Zalete
Macario
Pietra
Pedrina
Nayara
Antonia
Dilma
Jafe
Mauro
Michael
Naide
Alvaro
Geovani
Alcinia
Jorgina
Adalice
Benilde
Alejandro
Americo
Ramiro
Sofia
Alexsandro
Ademilde
Lediane
Saulo
Maribel
Rosemar
Orlandino
Leticia
Aluisa
Brian
Cassia
Jorge
Zenaide
Lia
Rosemary
Anaina
Rosane
Mathias
Isaura
Leona
Gabriela
Tulane
Esther
Pericles
Dalmo
Janice
Narayana
Yasmin
Agostilia
Adalzira
Dirce
Vera
Artur
Dalia
Janilce
Fabiola
Diva
Evaristo
Agledy
Alicia
Amadeo
Daiani
Boris
Dilar
Jaime
Jeremias
Jairo
Ecila
Judite
Fernando
Oto
Dalva
Eduardo
Geruza
Cora
Luzia
Jeane
Ageo
Elsa
Olga
Maura
Zailde
Bazilio
Ester
Heloisa
Gliceria
Osman
Agricio
Oriana
Gisela
Germinia
Melina
Jair
Abilino
Adeilto
Lucilia
Cacimiro
Rosileyde
Sabrina
Verissimo
Nely
Anselmo
Ilda
Christiana
Caua
Florentino
Belonisia
Ingrid
Rejane
Anthony
Bianca
Camelia
Carol
Osmar
Ebenezer
Edelmo
Aduzinda
Nazario
Dom
Manoela
Marilda
Roberto
Camille
Noelia
Juraci
Lucrecia
Bernadete
Daci
Edvania
Julieta
Auxiliadora
Ilsa
Raphael
Berengaria
Natalina
Amadeu
Agnaldo
Daise
Porfirio
Karina
Beladora
Dara
Sueli
Reimao
Acelina
Felisberto
Marta
Belmira
Armando
Nadir
Vicenzia
Liara
Armanda
Luiza
Pierre
Adalto
Roger
Ewellyn
Adaria
Clementino
Adeline
Alcidia
Lauro
Edeli
Janine
Baronildes
Dionisia
Andresa
Arlene
Aristeu
Neyde
Aldicelia
Emaus
Taina
Astrid
Luisa
Gaspar
Dimas
Aline
Perla
Zaine
Amalia
Sonia
Cleyde
Laila
Rubens
Anail
Helena
Odixe
Guy
Haide
Orestes
Debora
Gezilmar
Zedilia
Nereu
Joana
Kevin
Vilma
Amara
Calicia
Eliseu
Balduina
Irene
Dalice
Kayanne
Fabio
Tome
Cailany
Edelio
Leandra
Ismael
Alison
Maite
Adolphino
Leopoldo
Livia
Ronald
Vanessa
Guilherme
Almerinda
Aliana
Ofelia
Dailza
Tristao
Paola
Caroline
Salome
Nancy
Eli
Francisco
Fabricia
Adeilton
Jarbas
Odilson
Amparo
Tania
Canuto
Elza
Aprigio
Marlisa
Leonardo
Maya
Luigi
Rivaldo
Ivone
Constanca
Mateus
Valesca
Gualter
Marilia
Christiane
Adeia
Nauria
Venusa
Ida
Aparecida
Amorita
Ademar
Ivaldo
Sandrina
Tamiris
Gumersindo
Odorico
Sertorio
Isolda
Alvantino
Floriano
Nelma
Alvino
Ortelina
Aida
Abinaldo
Eder
Patricia
Corine
Betania
Marieta
Joelma
Nonato
Conceicao
Gustavo
Dalmara
Severino
Elba
Perolia
Ruben
Fausto
Sabine
Andre
Cassiano
Mauricio
Giani
Micaela
Jussara
Benjamim
Dilan
Adinelia
Guilhermina
Magda
Abimaela
Liana
Delma
Edenicio
Simara
Lucelia
Adailtom
Ismara
Ulisses
Adelson
Claudio
Marise
Acires
Veridiana
Durval
Angelica
Dacio
Angelita
Nice
Eudora
Poliana
Cesar
Odin
Otacilio
Edelcio
Sergio
Maira
Lana
Raissa
Virgilio
Eber
Zacaria
Zila
Adao
Helio
Nina
Bibiana
Belonice
Eric
Dagoberto
Palmira
Ademilson
Sandra
Rafaelo
Ozeneide
Andres
Lumena
Barnabe
Sydney
Luis
Elvira
Andreia
Jaidete
Morgana
Brita
Flor
David
Tiago
Juliana
Simplicio
Samara
Zadir
Leandro
Vicente
Aldivina
Kaique
Cynthia
Edcarlos
Belinda
Maria
Itala
Pamela
Marcio
Santiago
Laertes
Gilmar
Graciano
Amavia
Admilson
Silene
Didier
Aureliana
Daina
Jaribe
Rayane
Adriano
Alda
Reginaldo
Ailton
Custodio
