Agda
Barnabe
Alicia
Tarsicio
Stefano
Agledy
Aldair
Kaique
Aurelia
Ariane
Alzirinda
Aderbal
Balduino
Berenice
Naraiana
Regina
Belara
Silvia
Zedith
Belizaura
Joelson
Amanda
Raul
Jonathan
Ademir
Livania
Albino
Elizabete
Thais
Casimiro
Janecleide
Brenda
Adolfo
Vladimir
Lindalva
Dino
Esther
Paulina
Aldemir
Marcia
Dores
Caio
Naide
Florentina
Danis
Marise
Estela
Juraci
Lelia
Elaine
Genezia
Aureliano
Edgar
Aclecio
Altair
Porfirio
Alessandro
Agostinho
Clodomiro
Marina
Aldaisa
Inacio
Janete
Salomao
Caren
Marta
Carlos
Reginaldo
Aldivina
Indina
Franciely
Felismino
Dora
Bibiana
Adriana
Jurema
Francisco
Adriel
Dionisio
Flavio
Benicia
Amelia
Elisangela
Elton
Leila
Galdencia
Maura
Amarilis
Almira
Rigoberto
Iolanda
Daisi
Lavinia
Daglia
Denise
Luzio
Paulino
Patricia
Cassilda
Daiane
Adelcio
Aluisa
Arlete
Judite
Evelasio
Nely
Alzira
Nizia
Bazilio
Joaquim
Saulo
Amir
Adalicio
Anice
Gabriela
Michael
Adelicia
Alzerina
Bertha
Amarilde
Leonor
Abisael
Andiara
Leana
Eneida
Rosaura
Cintia
Ivete
Edelberto
Adeildo
Penha
Afonso
Kaline
Catarina
Roni
Eurica
Dinora
Amaury
Norman
Perola
Edeli
Alvantino
Niedja
Aglaia
