Posicao inexistente!
Posicao inexistente!
Posicao inexistente!
660.76 0.00 0.00 0.00 0.00 0.00 0.00 0.00 0.00 0.00 0.00 0.00 0.00 0.00 0.00 0.00 0.00 0.00 0.00 0.00
Posicao inexistente!
Posicao inexistente!
Posicao inexistente!
Posicao inexistente!
0.00
0.00
Matriz inexistente!
Matriz inexistente!
Linha/coluna inexistente!
Linha/coluna inexistente!
0.00
0.00
Dimensoes incompativeis!
Dimensoes incompativeis!
Linha/coluna inexistente!
0.00 0.00 0.00 0.00 0.00 0.00 0.00 0.00 0.00 1321.52
Matriz inexistente!
1321.52
937.67
Matriz inexistente!
Matriz inexistente!
Linha/coluna inexistente!
Linha/coluna inexistente!
897.06
870.75
1.00
Linha/coluna inexistente!
2.00
0.50
Matriz inexistente!
Linha/coluna inexistente!
1950.74 0.00 0.00 1868.70 0.00 0.00 0.00 0.00 0.00 0.00 0.00 0.00 0.00 0.00 1766.60 0.00 0.00 0.00 0.00 0.00
Dimensoes incompativeis!
Dimensoes incompativeis!
Linha/coluna inexistente!
Linha/coluna inexistente!
Matriz inexistente!
Linha/coluna inexistente!
0.00 0.00 0.00 334.02 0.00 0.00 0.00 0.00 0.00 0.00 0.00
2.00
1.00 2.00 3.00
Matriz inexistente!
Posicao inexistente!
Posicao inexistente!
0.00
3.00
0.00
Dimensoes incompativeis!
Dimensoes incompativeis!
Dimensoes incompativeis!
Dimensoes incompativeis!
0.00 0.00 717.66 951.56 0.00 0.00 683.47 665.65 0.00 0.00 0.00 0.00 0.00 0.00 0.00 0.00 836.50 0.00 0.00 0.00
0.00 1222.06 116.31 0.00 0.00 0.00 0.00 0.00 0.00 46.31 0.00 0.00 0.00 398.12 0.00 0.00 0.00 0.00 0.00 334.02
0.00 0.00 973.58 0.00 0.00 225.98 0.00 0.00 763.43 0.00 0.00 0.00 0.00 0.00 0.00 0.00 0.00 0.00 0.00 0.00
0.00 0.00 0.00 46.31 0.00 0.00 0.00 0.00 0.00 0.00 0.00
Matriz inexistente!
Matriz inexistente!
Matriz inexistente!
Matriz inexistente!
892.08 1045.02 0.00 0.00 0.00 0.00 2252.07 0.00 0.00 0.00 0.00 65.16 0.00 0.00 0.00 0.00 0.00 0.00 0.00 0.00
0.00 0.00 0.00 0.00 0.00 0.00 0.00 0.00 0.00 0.00 0.00 0.00 0.00 0.00 0.00 0.00 137.67 0.00 0.00 0.00
834.36 0.00 673.59 0.00 0.00 0.00 0.00 892.08 5852.22 0.00 0.00
0.00 18548.64 0.00 13442.66 0.00 0.00 0.00 3831.74 0.00 0.00 0.00
3270.96 3831.74 0.00 0.00 0.00 0.00 8257.59 0.00 0.00 0.00 0.00 238.92 0.00 0.00 0.00 0.00 0.00 0.00 0.00 0.00
0.00 0.00 0.00 0.00 0.00 0.00 7322.15 0.00 0.00 0.00 0.00
3270.96 3831.74 0.00 0.00 0.00 0.00 8257.59 0.00 0.00 0.00 0.00 238.92 0.00 0.00 0.00 0.00 0.00 0.00 0.00 0.00
