62
58573
58583
58597
58609
58628
58641
58660
58679
58689
58702
58718
58736
58755
58771
58785
58803
58817
58828
58838
58850
58860
58875
58886
58900
58911
58924
58934
58944
58954
58971
58985
59003
59013
59026
59045
59055
59065
59082
59099
59110
59123
59138
59153
59165
59176
59192
59204
59220
59231
59250
59262
59279
59293
59309
59328
59346
59364
59379
59396
59406
59417
59434
59449
59460
59472
59488
59503
59515
59532
59546
59561
59577
59595
59614
59625
59641
59656
59668
59680
59699
59710
59725
59736
59749
59760
59779
59793
59807
59823
59842
59855
59866
59884
59895
59909
59925
59940
59952
59962
59976
59992
60005
60024
60035
60046
60058
60072
60084
60102
60120
60131
60148
60165
60182
60194
60210
60229
60247
60259
60269
60285
60298
60313
60327
60344
60359
60370
60381
60395
60410
60421
60438
60450
60468
60485
60501
60513
60531
60544
60557
60570
60584
60594
60613
60631
60642
60657
60672
60686
60697
60711
60730
60740
60757
60776
60794
60808
60820
60838
60848
60858
60868
60887
60901
60914
60928
60939
60957
60976
60991
61007
61026
61041
61053
61070
61083
61102
61117
61129
61147
61164
61178
61190
61203
61216
61227
61237
61247
61258
61272
61282
61297
61310
61329
61342
61361
61375
61385
61404
61423
61437
61448
61461
61474
61489
61501
61511
61522
61535
61552
61571
61584
61601
61616
61634
61649
61667
61681
61697
61708
61719
61735
61748
61762
61780
61799
61814
61826
61838
61857
61868
61878
61889
61907
61921
61935
61947
61966
61978
61996
62015
62029
62046
62056
62072
62089
62105
62118
62128
62140
62152
62162
62178
62189
62199
62216
62229
62247
62262
62274
62288
62306
62322
62338
62354
62372
62382
62394
62410
62429
62442
62454
62470
62484
62497
62510
62527
62537
62550
62565
62577
62593
62609
62628
62645
62664
62682
62700
62714
62731
62743
62758
62770
62780
62799
62811
62827
62844
62860
62873
62885
62904
62920
62939
62958
62970
62985
63002
63019
63029
63040
63053
63065
63077
63089
63104
63117
63132
63151
63168
63178
63196
63214
63225
63235
63249
63261
63278
63293
63303
63322
63336
63348
63366
63377
63395
63411
63423
63440
63459
63472
63490
63506
63521
63537
63554
63564
63574
63588
63598
63615
63631
63643
63662
63679
63694
63705
63720
63734
63747
63765
63782
63799
63816
63835
63852
63871
63881
63895
63912
63925
63935
63949
63965
63975
63990
64008
64023
64041
64060
64075
64085
64103
64115
64129
64144
64163
64182
64194
64209
64224
64242
64254
64266
64285
64303
64319
64335
64354
64371
64382
64393
64407
64426
64444
64456
64475
64486
64499
64516
64534
64546
64556
64566
64583
64602
64621
64632
64645
64661
64675
64688
64706
64722
64739
64755
64772
64791
64807
64819
64831
64849
64860
64871
64890
64904
64916
64930
64948
64958
64977
64990
65008
65025
65044
65055
65074
65087
65100
65113
65127
65141
65151
65164
65178
65190
65204
65220
65239
65253
65265
65278
65292
65304
65320
65335
65345
65356
65375
65385
65397
65416
65433
65447
65457
65471
65485
65504
65517
65532
65549
65567
65579
65590
65608
65618
65629
65648
65665
65679
65690
65703
65715
65728
65747
65758
65776
65795
65805
65815
65825
65840
65855
65870
65889
65900
65911
65928
65944
65956
65974
65989
65999
66015
66030
66041
66060
66078
66090
66104
66118
66129
66146
66159
66177
66195
66213
66229
66248
66258
66273
66292
66309
66322
66338
66348
66366
66381
66394
66413
66425
66443
66456
66474
66491
66507
66526
66537
66551
66562
66572
66587
66606
66620
66638
66650
66660
66673
66685
66696
66708
66718
66734
66753
66767
66782
66795
66808
66823
66837
66849
66865
66883
66895
66905
66921
66936
66948
66964
66977
66993
67008
67021
67036
67054
67066
67083
67094
67106
67119
67131
67148
67158
67177
67191
67201
67215
67233
67250
67269
67288
67307
67322
67336
67353
67364
67376
67386
67396
67407
67419
67434
67448
67463
67476
67491
67508
67518
67537
67549
67563
67573
67583
67602
67616
67626
67642
67652
67671
67688
67698
67709
67728
67739
67758
67774
67784
67800
67819
67833
67850
67868
67883
67893
67906
67918
67935
67951
67968
67981
67994
68011
68029
68040
68059
68075
68088
68105
68122
68137
68150
68169
68183
68195
68211
68227
68239
68251
68268
68286
68303
68319
68334
68349
68359
68369
68386
68397
68408
68427
68444
68461
68475
68494
68508
68526
68541
68554
68564
68579
68597
68612
68625
68640
68655
68668
68681
68696
68710
68729
68746
68757
68771
68788
68804
68823
68836
68850
68863
68877
68896
68907
68921
68936
68955
68973
68984
68994
69013
69032
69051
69070
69088
69106
69125
69143
69160
69176
69193
69207
69222
69239
69250
69264
69275
69285
69295
69311
69329
69340
69353
69367
69379
69392
69407
69425
69444
69462
69474
69488
69504
69522
69535
69547
69563
69582
69600
69612
69628
69646
69661
69677
69690
69702
69714
69725
69742
69753
69765
69782
69794
69808
69820
69838
69850
69868
69883
69899
69918
69929
69946
69963
69976
69992
70005
70021
70035
70053
70064
70083
70099
70117
70132
70145
70160
70179
70189
70203
70220
70232
70244
70255
70269
70288
70305
70317
70335
70353
70365
70380
70398
70408
70426
70436
70446
70461
70472
70483
70498
70516
70526
70540
70550
70560
70574
70592
70611
70629
70641
70652
70671
70685
70697
70713
70726
70742
70754
70767
70779
70794
70804
70817
70829
70847
70860
70877
70892
70910
70928
70942
70959
70969
70986
71001
71019
71031
71048
71066
71085
71104
71121
71133
71143
71162
71176
71190
71205
71222
71233
71249
71261
71278
71297
71311
71328
71347
71358
71377
71393
71406
71423
71434
71445
71461
71478
71494
71505
71518
71532
71549
71567
71579
71589
71604
71616
71632
71648
71659
71676
71692
71702
71718
71734
71751
71765
71784
71799
71816
71827
71843
71858
71877
71892
71908
71918
71934
71951
71965
71983
71996
72014
72025
72043
72062
72073
72087
72100
72111
72128
72143
72155
72166
72184
72203
72216
72232
72243
72253
72264
72277
72293
72308
72320
72334
72349
72366
72383
72396
72414
72432
72443
72460
72471
72484
72502
72513
72524
72535
72551
72570
72588
72607
72625
72641
72660
72670
72686
72697
72710
72724
72741
72758
72769
72787
72804
72821
72840
72853
72863
72879
72891
72906
72916
72935
72948
72964
72974
72984
72997
73012
73027
73038
73051
73061
73074
73086
73104
73120
73130
73142
73159
73169
73179
73198
73215
73228
73247
73259
73274
73285
73303
73313
73325
73341
73356
73366
73383
73395
73410
73424
73442
73457
73474
73490
73503
73520
73539
73557
73571
73581
73598
73614
73631
73650
73665
73681
73694
73712
73726
73743
73753
73764
73779
73792
73804
73817
73829
73844
73860
73872
73882
73896
73906
73916
73926
73936
73951
73970
73987
74001
74012
74026
74040
74053
74071
74090
74106
74116
74134
74150
74161
74174
74191
74205
74217
74232
74247
74265
74279
74298
74309
74325
74337
74348
74359
74371
74384
74397
74407
74418
74432
74449
74468
74486
74498
74509
74519
74535
74549
74564
74575
74594
74611
74626
74642
74654
74664
74674
74685
74703
74721
74736
74748
74767
74779
74790
74807
74821
74834
74846
74857
74876
74886
74898
74912
74927
74940
74953
74970
74982
74996
75014
75027
75044
75057
75071
75090
75104
75114
75125
75135
75148
75163
75181
75200
75219
75229
75247
75257
75272
75285
75301
75313
75332
75348
75358
75371
75388
75403
75414
75428
75439
75451
75463
75473
75483
75500
75510
75520
75532
75551
75562
75579
75597
75611
75626
75642
75655
75674
75684
75702
75718
75736
75752
75771
75787
75802
75821
75834
75851
75867
75878
75892
75905
75923
75942
75952
75962
75979
75989
76004
76020
76037
76052
76071
76086
76100
76117
76136
76149
76163
76180
76196
76215
76228
76240
76258
76276
76287
76306
76323
76340
76356
76369
76384
76395
76411
76425
76441
76457
76472
