194
235
249
238
230
200
355
401
363
359
502
526
478
638
610
290
702
703
700
915
966
874
715
1038
1068
1006
1137
1267
1365
1350
1204
1386
1376
1186
1085
673
1446
1530
1401
1566
1591
1637
1752
1750
1705
1697
1618
1896
1940
1932
2023
1993
2053
1981
1766
2149
2151
2206
2094
2216
2234
2329
2304
2441
2485
2474
2415
2299
2498
2514
2497
2217
2074
2564
2583
2606
2767
2749
2634
2630
2881
2778
3032
3029
3048
2775
2616
3239
3226
3282
3245
3074
2515
3375
3403
3582
3435
3599
3619
3593
3952
3949
3988
3896
3703
4017
4085
4141
4180
4182
4066
3631
3328
1580
4231
4292
4275
4268
4188
4353
4374
4330
4443
4535
4541
4679
4707
4711
4727
4696
4825
4850
4854
4779
4615
4434
4938
4930
5087
5097
5088
5031
5006
4992
5240
5130
5465
5325
5281
5501
5252
4921
5631
5612
5831
6005
5975
5891
5654
6114
6153
6008
5603
6260
6314
6457
6387
6382
6373
6176
6169
4867
6555
6652
6690
6628
6869
6830
6822
7011
6952
7058
7176
7168
7181
7214
7212
7243
7244
7178
7369
7153
7446
7458
7470
7593
7584
7571
7537
7971
7889
8028
7803
7632
7412
7373
6905
8136
8192
8304
8329
8399
8405
8474
8288
8161
8516
8091
6507
8556
8654
8618
8705
8782
8760
8672
8842
8848
8897
8919
8943
8847
8790
8543
9025
9125
9046
9136
9188
9143
9137
9274
9312
9227
8977
4303
1544
9390
9329
9481
9543
9476
9463
9321
9678
9839
9912
9867
9951
9920
10091
9973
9855
9852
10318
10217
10092
10346
10583
10534
10499
10602
10750
10766
10751
10836
10828
10793
10916
10999
10968
11037
11003
11094
10863
10707
11148
11161
11349
11327
11463
11476
11498
11497
11386
11283
11620
11788
11862
11830
11707
11537
11098
11898
11892
11881
12057
12122
12105
12102
12161
12153
12164
12088
12210
12187
12312
12336
12320
12364
12352
12566
12579
12468
12461
12436
12319
12298
11878
12707
10427
9781
9639
9318
12778
12820
12879
12800
12962
12969
12980
12953
12885
13072
13011
13136
13127
13233
13091
13471
13521
13489
13386
13304
13751
13718
13669
13556
13868
13798
13894
13896
13891
13968
13758
14017
14131
14212
14182
14122
14273
14374
14392
14218
13541
14410
14483
14460
14591
14572
14601
14718
14701
14674
14529
14836
14872
14871
14899
15012
15100
15095
15019
14891
14758
15186
15125
15108
15428
15403
15455
15448
15242
15503
15490
15514
15517
15561
15573
15698
15677
15634
15629
15525
15760
15813
15905
16069
16035
16222
16191
16133
15998
16305
16316
16312
16375
16420
16465
16558
16564
16531
16580
16619
16575
16486
16763
16787
16783
16794
16758
16890
16871
16893
16915
16945
16949
17219
17055
17037
16897
16339
17283
17265
17358
17294
17249
16223
17424
17359
15866
17517
17577
17668
17779
17756
17753
17818
17843
17954
17845
17783
17749
18004
18050
18061
18165
17968
17559
17431
15468
14400
13085
18180
18293
18222
18307
18660
18567
18561
18344
18664
18304
18171
18747
18782
18769
18821
18936
19063
19118
19114
19057
18915
18840
19193
19352
19289
19373
19151
19459
19388
19521
19617
19616
19535
19667
19629
19506
19139
19825
19740
19853
20006
19883
19872
20018
20010
20096
20128
20155
20269
20283
20180
20122
20048
19832
20395
20398
20487
20414
20596
20587
20658
20675
20339
20316
20757
20781
20838
20816
20806
21008
20984
20914
21041
21030
21137
21174
21082
21200
21279
21244
21350
21526
21295
21182
21573
20848
21613
21676
21657
21649
21590
20764
20701
21936
21879
21959
21977
22004
22023
21951
22062
22089
22122
22064
22155
22281
22243
22180
22174
22449
22411
22451
22474
22466
22500
22488
22318
22165
22056
22564
22606
22609
22621
22773
22789
22760
22561
21859
22851
22795
20694
22895
22886
22929
22923
22963
23025
23036
23022
23064
23084
22991
22906
22855
19721
23185
23287
23247
23315
23418
23631
23760
23801
23830
23840
23825
23795
23788
23602
23919
23934
23931
24044
23981
24079
24189
24107
23972
24247
24455
24486
24501
24509
24484
24435
24427
24407
24229
24599
24751
24741
24621
24794
24576
24869
24916
24915
24927
24923
24849
23892
23868
24949
24941
23158
18811
18698
18166
12765
