36
67
57
39
69
97
73
26
212
207
221
180
255
294
362
346
430
474
559
550
468
731
564
776
791
826
845
796
857
772
748
233
1069
1034
1089
1145
1083
951
1349
1355
1437
1439
1370
1266
1225
1461
1507
1561
1558
1443
1595
1621
1605
1675
1660
1680
1637
1629
1599
1569
146
1707
1745
1744
1788
1767
1909
1818
1996
2000
1960
1919
2129
2014
2005
1812
2185
2166
2213
2202
2219
2276
2301
2245
2332
2432
2419
2381
2311
2236
2188
2132
2469
2433
1684
2498
2486
2530
2527
2579
2577
2521
2633
2682
2703
2672
2597
2748
2759
2878
2881
2876
2868
2914
2915
3019
2931
2907
2891
2746
3161
3085
3350
3239
3386
3395
3467
3460
3522
3423
3548
3364
3163
3593
3643
3808
3804
3830
3800
3564
3927
3912
4008
4027
4000
4160
4070
4270
4206
4282
4196
4174
4046
4429
4395
3876
4558
4526
4564
4498
3068
4637
4647
4677
4628
4606
4745
4706
4839
4855
4785
4756
4922
4924
4905
4866
4689
5123
5030
5136
5242
5172
5414
5284
5275
5456
5461
5428
5526
4963
5574
5646
5604
5708
5678
5784
5737
5717
5709
5660
5555
5861
5994
5972
5926
5864
5810
5787
4937
2480
6051
6059
6054
6024
6069
6071
6085
6187
6289
6274
6338
6358
6219
6218
6195
6157
6108
6439
6393
6511
6487
6538
6512
6687
6700
6709
6577
6811
6826
6782
6835
6762
6749
6846
6839
6740
6479
6107
6974
6944
6993
6987
6932
6900
7137
7172
7226
7234
7218
7275
7259
7342
7338
7299
7357
7377
7346
7431
7552
7479
7457
7452
7390
7041
7819
7799
7867
8036
8080
7997
7991
7833
8139
8123
8140
8199
8231
8259
8254
8244
8147
8122
8310
8375
8384
8329
8434
8395
8301
8300
7735
8607
8647
8675
8678
8656
8550
8480
8456
8800
8719
8858
8933
8913
8938
8946
8864
9055
9066
9106
9116
9085
9039
9123
9291
9202
9179
9322
9374
9402
9369
9511
9488
9483
9454
9536
9543
9595
9606
9602
9665
9717
9599
9338
9818
9882
9889
9860
10062
10034
9983
10111
10091
9805
10186
10194
10152
10367
10333
10275
10245
10413
10398
10560
10481
10610
10586
10435
10682
10622
10430
10414
10392
10684
10701
10119
9302
8975
8696
7634
10787
10846
10843
10809
10857
10864
10780
10922
10901
10951
10982
10999
10986
10977
11078
11075
11086
11144
11106
11162
11081
11046
10934
10874
11229
11214
11369
11354
11285
11257
11213
11436
11449
11586
11551
11481
11480
11380
11597
11703
11630
11600
11592
11712
11163
11775
11773
11821
11853
11888
11958
11867
11997
11994
12025
11977
12101
11968
11743
12270
12306
12282
12259
12474
12404
12509
12525
12514
12336
12639
12615
12697
12730
12689
12543
12804
12838
12801
12872
12936
12984
12999
12928
12868
12864
13027
13137
13158
13188
13176
13169
13151
13220
13236
13206
13058
13316
13385
13381
13390
13387
13523
13554
13485
13269
13012
12772
13576
13580
13680
13668
13688
13701
13692
13724
13759
13835
13892
13864
13900
13792
13986
14044
14007
13978
13777
14152
14236
14210
14148
14069
13742
13686
13575
14264
14374
14346
14491
14486
14494
14443
14382
14311
14239
12107
14527
14592
14603
14666
14691
14638
14810
14778
14815
14811
14769
14585
14854
14898
15047
14962
14836
14579
15129
15165
15238
15310
15346
15210
15141
15108
15399
15372
15349
15457
15492
15480
15429
15611
15667
15653
15678
15716
15755
15846
15857
15855
15785
15734
15690
15652
15935
15950
15865
16128
16131
16107
15535
16170
16190
16220
16201
16224
16236
16305
16371
16337
16263
16417
16390
16389
16422
16199
16510
16524
16545
16540
16538
16650
16614
16610
16537
16479
16672
16677
16699
16785
16838
16846
16817
16679
16926
16939
16974
17019
17015
17053
17022
16984
16935
17104
17167
17186
17234
17231
17274
17488
17451
17436
17523
17504
17341
17259
17527
17085
16872
16664
16149
17549
17620
17611
17646
17653
17622
17544
17771
17837
17723
17901
17939
17891
18048
18046
18016
18096
18230
18224
18280
18249
18368
18341
18340
18516
18532
18707
18665
18480
18418
18856
18841
18900
18869
18815
18235
18052
18913
18988
18987
19094
19088
19118
19110
19107
19207
19273
19243
19276
19236
19132
19119
18969
19356
19387
19406
19453
19552
19583
19646
19664
19597
19469
19458
19693
19419
19771
19726
19366
19352
19819
19816
18947
19851
19857
19856
19848
19955
19990
19960
19919
19888
20041
20022
20043
19998
20155
20136
19876
18901
20211
20247
20174
20410
20455
20506
20517
20495
20489
20281
20703
20695
20662
20620
20582
20763
20739
20817
20768
20738
20831
20830
20839
20840
20867
20855
20916
20964
21071
21052
21027
21077
20853
20827
20534
20255
17658
21086
21178
21123
21095
21227
21234
21250
21239
21366
21329
21187
21414
21424
21471
21422
21517
21482
21595
21625
21560
21663
21655
21632
21690
21673
21762
21739
21691
21966
21918
21909
21879
22034
22000
21865
21851
22117
22119
22134
22103
22156
22140
22186
22098
21792
21668
21551
22429
22449
22447
22443
22188
21379
22527
22504
22454
22544
22567
22593
22601
22644
22653
22611
22662
22684
22882
22861
22885
22984
22917
22995
23072
22900
23115
23108
23213
23212
23148
23101
23248
23078
23289
23288
23444
23460
23322
23270
23463
23485
23530
23478
23592
23577
23667
23597
23550
23677
23548
23746
23774
23862
23816
23779
23954
23963
23974
23991
23957
23949
23768
23745
23473
22809
22665
24041
24042
24051
24073
24097
24149
24103
24159
24190
24179
24151
24221
24059
24268
24267
24359
24396
24411
24376
24418
24469
24435
24420
24519
24470
24297
24522
24011
24644
24624
24645
24719
24712
24605
24745
24753
24794
24806
24805
24809
24779
24835
24845
24855
24817
24880
24873
24769
24721
24891
24981
24919
24908
24996
24885
24571
22532
21081
15057
10742
6016
