320
365
479
710
682
1058
1033
1067
1078
799
1501
1470
1607
1597
1665
1161
2198
1961
2577
2423
2715
2793
2734
2888
2864
2910
2950
2931
3095
3244
3103
3014
2895
3762
4086
3510
4771
4655
4807
4399
2687
2369
610
4968
5019
5086
5261
5389
5273
5270
5652
5788
5774
5929
5394
5013
6062
6682
6443
6149
6723
7188
7016
6883
7237
7468
7594
7534
7799
8152
8256
7746
6831
8384
8276
8785
9096
8953
8893
8842
8767
10111
10012
10520
10592
9888
9636
9575
10771
10679
11128
11080
11278
11270
11411
11591
11671
11530
11779
11775
11741
11379
11292
11889
11178
10658
12161
12124
11942
12536
12833
12972
12788
12666
13167
13085
13377
13302
12656
13906
14214
14395
14572
14453
14309
13980
14868
15179
16225
15920
15639
15367
14650
16425
13738
12601
16604
16673
16607
16442
16805
16749
11935
5990
17168
17307
17479
18186
18105
18001
17327
18570
18190
18966
19163
19250
19244
19105
19253
19561
19642
19518
19965
19908
18934
18880
18862
17145
17031
20109
20186
20147
20445
20585
20596
20603
20237
20187
20713
20804
20922
20910
20938
20763
20731
21368
21299
21691
21666
21208
20684
21982
21886
21862
20675
20101
22033
22194
22141
22734
22492
22361
22910
23080
23181
23035
23202
23190
23263
23240
22772
23413
23527
23334
23851
23866
24150
23617
24667
24641
24414
24915
24991
24344
23284
21994
4916
