48
133
109
330
202
34
32
339
357
524
440
584
383
350
338
692
699
664
972
964
957
1173
1175
1197
1188
792
1246
1365
1308
1476
1466
1458
1651
1726
1784
1695
1639
1949
1797
1511
1292
1240
2085
2165
2108
2306
2307
2440
2396
2542
2683
2652
2599
2297
2039
2777
2872
3041
3036
2985
2805
3194
3139
3062
2691
3452
3401
3497
3490
3653
3829
3842
3764
3885
3545
3234
4024
4015
3952
4063
3904
4266
4293
4343
4358
4393
4353
4145
4136
4487
4473
4587
4401
4701
4614
4702
4844
4779
4716
4591
5078
4979
4946
4938
5178
5098
4070
5210
5208
5299
5331
5310
5579
5735
5741
5737
5692
5513
5888
5832
5798
5937
5958
5989
6108
6094
5945
5204
2036
6218
6351
6456
6520
6297
6587
6644
6782
7096
7267
7337
7385
7101
6799
6625
6244
6153
7640
7926
7844
7764
8164
8197
8209
8172
8129
8046
8397
8423
8415
8653
8510
8665
8285
8264
8674
8000
7746
7426
8812
8799
8746
8963
8961
9050
9072
9105
9089
9001
8973
8953
9273
9236
9635
9653
9574
9438
9153
8684
9725
9793
9788
9818
9917
9861
9860
9989
9973
10026
10044
10067
10142
10138
10280
10442
10500
10297
10700
10741
10887
10650
10966
10914
10910
10989
11087
10969
10557
10245
10000
9920
11400
11452
11598
11579
11787
11923
11859
11835
11796
11501
11957
12141
12180
12173
12209
12204
12453
12354
12277
12492
12253
12584
12583
12559
12161
12637
12026
11927
11100
12747
12946
13187
13223
13112
13079
12963
12706
9694
7408
13375
13390
13502
13281
13720
13693
13935
14055
14039
13987
14068
14057
13952
14195
14316
14235
14339
14151
13617
13580
13268
14426
14444
14506
14543
14692
14674
14661
14537
14819
15183
15163
15162
15030
14798
15286
15390
15351
15478
15430
15343
15511
15497
15567
15636
15606
15538
16117
15908
15865
16476
16479
16306
16526
16625
16789
16502
16162
15659
15241
16845
16906
16988
17263
17158
17322
17310
17152
17374
17339
17326
17446
17416
17006
16829
17513
17486
17583
17669
17571
17671
17774
17809
17821
17801
17840
17780
17872
18145
18174
18383
18369
18405
18406
18233
17882
17679
17482
18571
18673
18793
18742
18709
18935
18962
18979
18896
19166
19139
19098
19206
19202
19307
19181
19312
19036
19003
19341
19448
19461
19565
19598
19699
19784
19799
19650
19837
19808
19850
20013
20454
20442
20266
19882
19526
19379
18838
18684
20557
20662
20637
20695
20968
20945
20544
18465
14367
21095
21204
20999
21321
21420
21343
21462
21594
21652
21541
21317
21912
21743
22068
22062
22070
21994
21709
21664
22379
22270
22455
22589
22681
22946
22715
22513
23097
23172
23137
23108
23047
22167
23340
23534
23556
23722
23796
23782
23690
23989
23979
24124
24090
24158
23961
24325
24324
24243
23916
23563
23440
23207
20988
24344
24360
24549
24515
24396
24555
24776
24705
24679
24388
24330
24861
24900
24955
24983
24889
24832
774
