O territorio referenciado nao esta memorizado!
Territorio ja memorizado!
A posicao referenciada ja esta ocupada!
Casa ja memorizada!
-38
100
Opcao invalida!
10
8
20
Territorio ja memorizado!
20
30
50
Opcao invalida!
-129
-38
A casa referenciada nao esta memorizada!
O territorio referenciado nao esta memorizado!
A posicao referenciada ja esta ocupada!
20
30
29
50
Territorio ja memorizado!
-129
-45
A casa referenciada nao esta memorizada!
A casa referenciada nao esta memorizada!
O territorio referenciado nao esta memorizado!
-45
99
A casa referenciada nao esta memorizada!
20
29
50
-127
-45
-45
98
37
98
7
10
20
Opcao invalida!
Nao e possivel remover todos os territorios de uma casa!
Opcao invalida!
A casa referenciada nao esta memorizada!
Arvore de Casas vazia!
A casa referenciada nao esta memorizada!
Territorio ja memorizado!
Territorio ja memorizado!
Territorio ja memorizado!
Territorio ja memorizado!
Territorio ja memorizado!
Territorio ja memorizado!
Territorio ja memorizado!
Territorio ja memorizado!
Territorio ja memorizado!
Territorio ja memorizado!
Territorio ja memorizado!
Territorio ja memorizado!
Territorio ja memorizado!
Territorio ja memorizado!
Territorio ja memorizado!
Territorio ja memorizado!
Territorio ja memorizado!
Territorio ja memorizado!
Territorio ja memorizado!
Territorio ja memorizado!
Territorio ja memorizado!
Territorio ja memorizado!
Territorio ja memorizado!
Territorio ja memorizado!
Territorio ja memorizado!
Territorio ja memorizado!
Territorio ja memorizado!
Territorio ja memorizado!
Territorio ja memorizado!
Territorio ja memorizado!
Territorio ja memorizado!
Territorio ja memorizado!
Territorio ja memorizado!
Territorio ja memorizado!
Territorio ja memorizado!
Territorio ja memorizado!
Territorio ja memorizado!
Territorio ja memorizado!
Territorio ja memorizado!
Territorio ja memorizado!
Territorio ja memorizado!
Territorio ja memorizado!
Territorio ja memorizado!
Territorio ja memorizado!
Territorio ja memorizado!
Territorio ja memorizado!
Territorio ja memorizado!
Territorio ja memorizado!
Territorio ja memorizado!
Territorio ja memorizado!
Territorio ja memorizado!
Territorio ja memorizado!
Territorio ja memorizado!
Territorio ja memorizado!
Territorio ja memorizado!
Territorio ja memorizado!
Territorio ja memorizado!
Territorio ja memorizado!
Territorio ja memorizado!
Territorio ja memorizado!
Territorio ja memorizado!
Territorio ja memorizado!
Territorio ja memorizado!
Territorio ja memorizado!
Territorio ja memorizado!
Territorio ja memorizado!
Territorio ja memorizado!
Territorio ja memorizado!
Territorio ja memorizado!
Territorio ja memorizado!
Territorio ja memorizado!
Territorio ja memorizado!
Territorio ja memorizado!
Territorio ja memorizado!
Territorio ja memorizado!
Territorio ja memorizado!
Territorio ja memorizado!
Territorio ja memorizado!
Territorio ja memorizado!
Territorio ja memorizado!
Territorio ja memorizado!
Territorio ja memorizado!
Territorio ja memorizado!
Territorio ja memorizado!
Territorio ja memorizado!
Territorio ja memorizado!
Territorio ja memorizado!
Territorio ja memorizado!
Territorio ja memorizado!
Territorio ja memorizado!
Territorio ja memorizado!
Territorio ja memorizado!
Territorio ja memorizado!
Territorio ja memorizado!
Territorio ja memorizado!
Territorio ja memorizado!
Territorio ja memorizado!
Territorio ja memorizado!
Territorio ja memorizado!
Territorio ja memorizado!
Territorio ja memorizado!
Territorio ja memorizado!
Territorio ja memorizado!
Territorio ja memorizado!
Territorio ja memorizado!
Territorio ja memorizado!
Territorio ja memorizado!
Territorio ja memorizado!
Territorio ja memorizado!
Territorio ja memorizado!
Territorio ja memorizado!
Territorio ja memorizado!
Territorio ja memorizado!
Territorio ja memorizado!
Territorio ja memorizado!
Territorio ja memorizado!
Territorio ja memorizado!
Territorio ja memorizado!
Territorio ja memorizado!
Territorio ja memorizado!
Territorio ja memorizado!
Territorio ja memorizado!
Territorio ja memorizado!
Territorio ja memorizado!
Territorio ja memorizado!
Territorio ja memorizado!
Territorio ja memorizado!
Territorio ja memorizado!
Territorio ja memorizado!
Territorio ja memorizado!
Territorio ja memorizado!
Territorio ja memorizado!
Territorio ja memorizado!
Territorio ja memorizado!
Territorio ja memorizado!
Territorio ja memorizado!
Territorio ja memorizado!
Territorio ja memorizado!
Territorio ja memorizado!
Territorio ja memorizado!
Territorio ja memorizado!
Territorio ja memorizado!
Territorio ja memorizado!
Territorio ja memorizado!
Territorio ja memorizado!
Territorio ja memorizado!
Territorio ja memorizado!
Territorio ja memorizado!
Territorio ja memorizado!
Territorio ja memorizado!
Territorio ja memorizado!
Territorio ja memorizado!
Territorio ja memorizado!
Territorio ja memorizado!
Territorio ja memorizado!
Territorio ja memorizado!
Territorio ja memorizado!
-647698
-567934
-535137
-451334
-448629
-438264
-373954
-365763
-338824
-271032
-235095
-227304
-217534
-163675
-151141
-147191
-129557
-118487
-102850
-97940
-93329
-90907
-68559
-64580
1707
35123
35602
39791
88568
100687
962
7012
8495
8635
8956
9628
3405
4106
9736
9988
9990
9994
183
348
386
2085
3720
3804
763
2121
2463
2842
3816
3817
3818
3819
6359
6673
7493
8737
3820
3923
3928
3929
3939
4202
4318
4661
5231
9686
9687
9688
9689
5683
1018
7479
7519
7520
7521
4727
7524
1216
7526
7527
7528
7529
7539
7573
8473
7697
9503
9982
36
69
401
1871
2085
2219
2403
2444
2449
2456
9288
9402
2264
2582
4027
9589
9604
9659
9672
9759
9806
9812
9814
9817
9819
9828
9839
424
1464
1578
3554
3895
4940
7789
8615
9868
9899
9902
9903
9904
9908
8349
8383
8428
7129
7897
8170
8287
8432
8466
8519
8546
8549
9380
9544
9836
9837
9838
9839
9840
9841
9842
9843
9845
9846
9847
9849
3852
7942
9858
9859
9860
9862
9863
9865
9868
9869
9871
9872
9873
9874
9875
9876
9877
9878
9880
9885
9893
9894
9895
9896
9897
9901
9902
9905
9906
9945
9946
9947
9951
3195
9979
9991
9999
10000
10001
10002
10003
10004
10005
2084
4414
4435
4447
4448
4450
4458
4462
4469
7378
7379
4479
4482
4726
4727
2995
4325
7259
7541
8785
8851
9259
9704
12
23
26
28
31
98
140
141
142
143
144
8480
145
147
150
171
197
198
208
209
216
240
255
526
537
538
539
540
695
698
711
713
727
1071
1197
1619
1754
3801
5233
6248
7890
8225
8231
8294
8295
8298
8367
8685
8744
8745
3687
3706
3750
8289
8290
393
3713
9382
899
2023
2209
2933
8039
8040
4706
8864
8936
8939
8950
8984
9083
9088
9089
9110
9160
9189
9704
9768
9800
9851
9856
9866
9879
9880
9891
9895
9922
9930
9934
9935
9936
7857
9946
9947
9951
9965
9998
9999
10000
10001
10002
3772
4051
5228
5648
701
5541
6911
7396
7859
8394
8969
9564
9579
9589
9648
10
47
243
430
1579
3584
6147
6760
7898
8904
Territorio ja memorizado!
Territorio ja memorizado!
Territorio ja memorizado!
Territorio ja memorizado!
Territorio ja memorizado!
Territorio ja memorizado!
Territorio ja memorizado!
Territorio ja memorizado!
Territorio ja memorizado!
Territorio ja memorizado!
Territorio ja memorizado!
Territorio ja memorizado!
Territorio ja memorizado!
Territorio ja memorizado!
Territorio ja memorizado!
Territorio ja memorizado!
Territorio ja memorizado!
Territorio ja memorizado!
Territorio ja memorizado!
Territorio ja memorizado!
Territorio ja memorizado!
Territorio ja memorizado!
Territorio ja memorizado!
Territorio ja memorizado!
Territorio ja memorizado!
Territorio ja memorizado!
Territorio ja memorizado!
Territorio ja memorizado!
Territorio ja memorizado!
Territorio ja memorizado!
Territorio ja memorizado!
Territorio ja memorizado!
Territorio ja memorizado!
Territorio ja memorizado!
Territorio ja memorizado!
Territorio ja memorizado!
Territorio ja memorizado!
Territorio ja memorizado!
Territorio ja memorizado!
Territorio ja memorizado!
Territorio ja memorizado!
Territorio ja memorizado!
Territorio ja memorizado!
Territorio ja memorizado!
Territorio ja memorizado!
Territorio ja memorizado!
Territorio ja memorizado!
Territorio ja memorizado!
Territorio ja memorizado!
Territorio ja memorizado!
Territorio ja memorizado!
Territorio ja memorizado!
Territorio ja memorizado!
Territorio ja memorizado!
Territorio ja memorizado!
Territorio ja memorizado!
Territorio ja memorizado!
Territorio ja memorizado!
Territorio ja memorizado!
Territorio ja memorizado!
Territorio ja memorizado!
Territorio ja memorizado!
Territorio ja memorizado!
Territorio ja memorizado!
Territorio ja memorizado!
Territorio ja memorizado!
Territorio ja memorizado!
Territorio ja memorizado!
Territorio ja memorizado!
Territorio ja memorizado!
Territorio ja memorizado!
Territorio ja memorizado!
Territorio ja memorizado!
Territorio ja memorizado!
Territorio ja memorizado!
Territorio ja memorizado!
Territorio ja memorizado!
Territorio ja memorizado!
Territorio ja memorizado!
Territorio ja memorizado!
Territorio ja memorizado!
Territorio ja memorizado!
Territorio ja memorizado!
Territorio ja memorizado!
Territorio ja memorizado!
Territorio ja memorizado!
Territorio ja memorizado!
Territorio ja memorizado!
Territorio ja memorizado!
Territorio ja memorizado!
Territorio ja memorizado!
Territorio ja memorizado!
Territorio ja memorizado!
Territorio ja memorizado!
Territorio ja memorizado!
Territorio ja memorizado!
Territorio ja memorizado!
Territorio ja memorizado!
Territorio ja memorizado!
Territorio ja memorizado!
Territorio ja memorizado!
Territorio ja memorizado!
Territorio ja memorizado!
Territorio ja memorizado!
Territorio ja memorizado!
Territorio ja memorizado!
Territorio ja memorizado!
Territorio ja memorizado!
Territorio ja memorizado!
Territorio ja memorizado!
Territorio ja memorizado!
Territorio ja memorizado!
Territorio ja memorizado!
Territorio ja memorizado!
Territorio ja memorizado!
Territorio ja memorizado!
Territorio ja memorizado!
Territorio ja memorizado!
Territorio ja memorizado!
Territorio ja memorizado!
Territorio ja memorizado!
Territorio ja memorizado!
Territorio ja memorizado!
Territorio ja memorizado!
Territorio ja memorizado!
Territorio ja memorizado!
Territorio ja memorizado!
Territorio ja memorizado!
Territorio ja memorizado!
Territorio ja memorizado!
Territorio ja memorizado!
Territorio ja memorizado!
Territorio ja memorizado!
Territorio ja memorizado!
Territorio ja memorizado!
Territorio ja memorizado!
Territorio ja memorizado!
Territorio ja memorizado!
Territorio ja memorizado!
Territorio ja memorizado!
Territorio ja memorizado!
Territorio ja memorizado!
Territorio ja memorizado!
Territorio ja memorizado!
Territorio ja memorizado!
Territorio ja memorizado!
Territorio ja memorizado!
Territorio ja memorizado!
Territorio ja memorizado!
Territorio ja memorizado!
Territorio ja memorizado!
Territorio ja memorizado!
Territorio ja memorizado!
Territorio ja memorizado!
Territorio ja memorizado!
Territorio ja memorizado!
Territorio ja memorizado!
Territorio ja memorizado!
Territorio ja memorizado!
Territorio ja memorizado!
Territorio ja memorizado!
Territorio ja memorizado!
Territorio ja memorizado!
Territorio ja memorizado!
Territorio ja memorizado!
Territorio ja memorizado!
Territorio ja memorizado!
Territorio ja memorizado!
Territorio ja memorizado!
Territorio ja memorizado!
Territorio ja memorizado!
Territorio ja memorizado!
Territorio ja memorizado!
Territorio ja memorizado!
Territorio ja memorizado!
Territorio ja memorizado!
Territorio ja memorizado!
Territorio ja memorizado!
Territorio ja memorizado!
Territorio ja memorizado!
Territorio ja memorizado!
Territorio ja memorizado!
Territorio ja memorizado!
Territorio ja memorizado!
Territorio ja memorizado!
Territorio ja memorizado!
Territorio ja memorizado!
Territorio ja memorizado!
Territorio ja memorizado!
Territorio ja memorizado!
Territorio ja memorizado!
Territorio ja memorizado!
Territorio ja memorizado!
Territorio ja memorizado!
Territorio ja memorizado!
Territorio ja memorizado!
Territorio ja memorizado!
Territorio ja memorizado!
Territorio ja memorizado!
Territorio ja memorizado!
Territorio ja memorizado!
Territorio ja memorizado!
Territorio ja memorizado!
Territorio ja memorizado!
Territorio ja memorizado!
Territorio ja memorizado!
Territorio ja memorizado!
Territorio ja memorizado!
Territorio ja memorizado!
Territorio ja memorizado!
Territorio ja memorizado!
Territorio ja memorizado!
Territorio ja memorizado!
Territorio ja memorizado!
Territorio ja memorizado!
Territorio ja memorizado!
Territorio ja memorizado!
Territorio ja memorizado!
Territorio ja memorizado!
Territorio ja memorizado!
Territorio ja memorizado!
Territorio ja memorizado!
Territorio ja memorizado!
Territorio ja memorizado!
Territorio ja memorizado!
Territorio ja memorizado!
Territorio ja memorizado!
Territorio ja memorizado!
Territorio ja memorizado!
Territorio ja memorizado!
Territorio ja memorizado!
Territorio ja memorizado!
Territorio ja memorizado!
Territorio ja memorizado!
Territorio ja memorizado!
Territorio ja memorizado!
Territorio ja memorizado!
Territorio ja memorizado!
Territorio ja memorizado!
Territorio ja memorizado!
Territorio ja memorizado!
Territorio ja memorizado!
Territorio ja memorizado!
Territorio ja memorizado!
Territorio ja memorizado!
Territorio ja memorizado!
Territorio ja memorizado!
Territorio ja memorizado!
Territorio ja memorizado!
Territorio ja memorizado!
Territorio ja memorizado!
Territorio ja memorizado!
Territorio ja memorizado!
Territorio ja memorizado!
Territorio ja memorizado!
Territorio ja memorizado!
Territorio ja memorizado!
Territorio ja memorizado!
Territorio ja memorizado!
Territorio ja memorizado!
Territorio ja memorizado!
Territorio ja memorizado!
Territorio ja memorizado!
Territorio ja memorizado!
Territorio ja memorizado!
Territorio ja memorizado!
Territorio ja memorizado!
Territorio ja memorizado!
Territorio ja memorizado!
Territorio ja memorizado!
Territorio ja memorizado!
Territorio ja memorizado!
Territorio ja memorizado!
Territorio ja memorizado!
Territorio ja memorizado!
Territorio ja memorizado!
Territorio ja memorizado!
Territorio ja memorizado!
Territorio ja memorizado!
Territorio ja memorizado!
Territorio ja memorizado!
Territorio ja memorizado!
Territorio ja memorizado!
Territorio ja memorizado!
Territorio ja memorizado!
Territorio ja memorizado!
Territorio ja memorizado!
Territorio ja memorizado!
Territorio ja memorizado!
Territorio ja memorizado!
Territorio ja memorizado!
Territorio ja memorizado!
Territorio ja memorizado!
Territorio ja memorizado!
Territorio ja memorizado!
Territorio ja memorizado!
Territorio ja memorizado!
Territorio ja memorizado!
Territorio ja memorizado!
Territorio ja memorizado!
Territorio ja memorizado!
Territorio ja memorizado!
Territorio ja memorizado!
Territorio ja memorizado!
Territorio ja memorizado!
Territorio ja memorizado!
Territorio ja memorizado!
Territorio ja memorizado!
Territorio ja memorizado!
Territorio ja memorizado!
Territorio ja memorizado!
Territorio ja memorizado!
Territorio ja memorizado!
Territorio ja memorizado!
Territorio ja memorizado!
Territorio ja memorizado!
Territorio ja memorizado!
Territorio ja memorizado!
Territorio ja memorizado!
Territorio ja memorizado!
Territorio ja memorizado!
Territorio ja memorizado!
Territorio ja memorizado!
Territorio ja memorizado!
Territorio ja memorizado!
Territorio ja memorizado!
Territorio ja memorizado!
Territorio ja memorizado!
Territorio ja memorizado!
Territorio ja memorizado!
Territorio ja memorizado!
Territorio ja memorizado!
Territorio ja memorizado!
Territorio ja memorizado!
Territorio ja memorizado!
Territorio ja memorizado!
Territorio ja memorizado!
Territorio ja memorizado!
Territorio ja memorizado!
Territorio ja memorizado!
Territorio ja memorizado!
Territorio ja memorizado!
Territorio ja memorizado!
Territorio ja memorizado!
Territorio ja memorizado!
Territorio ja memorizado!
Territorio ja memorizado!
Territorio ja memorizado!
Territorio ja memorizado!
Territorio ja memorizado!
Territorio ja memorizado!
Territorio ja memorizado!
Territorio ja memorizado!
Territorio ja memorizado!
Territorio ja memorizado!
Territorio ja memorizado!
Territorio ja memorizado!
Territorio ja memorizado!
Territorio ja memorizado!
Territorio ja memorizado!
Territorio ja memorizado!
Territorio ja memorizado!
Territorio ja memorizado!
Territorio ja memorizado!
Territorio ja memorizado!
Territorio ja memorizado!
Territorio ja memorizado!
Territorio ja memorizado!
Territorio ja memorizado!
Territorio ja memorizado!
Territorio ja memorizado!
Territorio ja memorizado!
Territorio ja memorizado!
Territorio ja memorizado!
Territorio ja memorizado!
Territorio ja memorizado!
Territorio ja memorizado!
Territorio ja memorizado!
Territorio ja memorizado!
Territorio ja memorizado!
Territorio ja memorizado!
Territorio ja memorizado!
Territorio ja memorizado!
Territorio ja memorizado!
Territorio ja memorizado!
Territorio ja memorizado!
Territorio ja memorizado!
Territorio ja memorizado!
Territorio ja memorizado!
Territorio ja memorizado!
Territorio ja memorizado!
Territorio ja memorizado!
Territorio ja memorizado!
Territorio ja memorizado!
Territorio ja memorizado!
Territorio ja memorizado!
Territorio ja memorizado!
Territorio ja memorizado!
Territorio ja memorizado!
Territorio ja memorizado!
Territorio ja memorizado!
Territorio ja memorizado!
Territorio ja memorizado!
Territorio ja memorizado!
Territorio ja memorizado!
Territorio ja memorizado!
Territorio ja memorizado!
Territorio ja memorizado!
Territorio ja memorizado!
Territorio ja memorizado!
Territorio ja memorizado!
Territorio ja memorizado!
Territorio ja memorizado!
Territorio ja memorizado!
Territorio ja memorizado!
Territorio ja memorizado!
Territorio ja memorizado!
Territorio ja memorizado!
Territorio ja memorizado!
Territorio ja memorizado!
Territorio ja memorizado!
Territorio ja memorizado!
Territorio ja memorizado!
Territorio ja memorizado!
Territorio ja memorizado!
Territorio ja memorizado!
Territorio ja memorizado!
Territorio ja memorizado!
Territorio ja memorizado!
Territorio ja memorizado!
Territorio ja memorizado!
Territorio ja memorizado!
Territorio ja memorizado!
Territorio ja memorizado!
Territorio ja memorizado!
Territorio ja memorizado!
Territorio ja memorizado!
Territorio ja memorizado!
Territorio ja memorizado!
Territorio ja memorizado!
Territorio ja memorizado!
Territorio ja memorizado!
Territorio ja memorizado!
Territorio ja memorizado!
Territorio ja memorizado!
Territorio ja memorizado!
Territorio ja memorizado!
Territorio ja memorizado!
Territorio ja memorizado!
Territorio ja memorizado!
Territorio ja memorizado!
Territorio ja memorizado!
Territorio ja memorizado!
Territorio ja memorizado!
Territorio ja memorizado!
Territorio ja memorizado!
Territorio ja memorizado!
Territorio ja memorizado!
Territorio ja memorizado!
Territorio ja memorizado!
Territorio ja memorizado!
Territorio ja memorizado!
Territorio ja memorizado!
Territorio ja memorizado!
Territorio ja memorizado!
Territorio ja memorizado!
Territorio ja memorizado!
Territorio ja memorizado!
Territorio ja memorizado!
Territorio ja memorizado!
Territorio ja memorizado!
Territorio ja memorizado!
Territorio ja memorizado!
Territorio ja memorizado!
Territorio ja memorizado!
Territorio ja memorizado!
Territorio ja memorizado!
Territorio ja memorizado!
Territorio ja memorizado!
Territorio ja memorizado!
Territorio ja memorizado!
Territorio ja memorizado!
Territorio ja memorizado!
Territorio ja memorizado!
Territorio ja memorizado!
Territorio ja memorizado!
Territorio ja memorizado!
Territorio ja memorizado!
Territorio ja memorizado!
Territorio ja memorizado!
Territorio ja memorizado!
Territorio ja memorizado!
Territorio ja memorizado!
Territorio ja memorizado!
Territorio ja memorizado!
Territorio ja memorizado!
Territorio ja memorizado!
Territorio ja memorizado!
Territorio ja memorizado!
Territorio ja memorizado!
Territorio ja memorizado!
Territorio ja memorizado!
Territorio ja memorizado!
Territorio ja memorizado!
Territorio ja memorizado!
Territorio ja memorizado!
Territorio ja memorizado!
Territorio ja memorizado!
Territorio ja memorizado!
Territorio ja memorizado!
Territorio ja memorizado!
Territorio ja memorizado!
Territorio ja memorizado!
Territorio ja memorizado!
Territorio ja memorizado!
Territorio ja memorizado!
Territorio ja memorizado!
Territorio ja memorizado!
Territorio ja memorizado!
Territorio ja memorizado!
Territorio ja memorizado!
Territorio ja memorizado!
Territorio ja memorizado!
Territorio ja memorizado!
Territorio ja memorizado!
Territorio ja memorizado!
Territorio ja memorizado!
Territorio ja memorizado!
Territorio ja memorizado!
Territorio ja memorizado!
Territorio ja memorizado!
Territorio ja memorizado!
Territorio ja memorizado!
Territorio ja memorizado!
Territorio ja memorizado!
Territorio ja memorizado!
Territorio ja memorizado!
Territorio ja memorizado!
Territorio ja memorizado!
Territorio ja memorizado!
Territorio ja memorizado!
Territorio ja memorizado!
Territorio ja memorizado!
Territorio ja memorizado!
Territorio ja memorizado!
Territorio ja memorizado!
Territorio ja memorizado!
Territorio ja memorizado!
Territorio ja memorizado!
Territorio ja memorizado!
Territorio ja memorizado!
Territorio ja memorizado!
Territorio ja memorizado!
Territorio ja memorizado!
Territorio ja memorizado!
Territorio ja memorizado!
Territorio ja memorizado!
Territorio ja memorizado!
Territorio ja memorizado!
Territorio ja memorizado!
Territorio ja memorizado!
Territorio ja memorizado!
Territorio ja memorizado!
Territorio ja memorizado!
Territorio ja memorizado!
Territorio ja memorizado!
Territorio ja memorizado!
Territorio ja memorizado!
Territorio ja memorizado!
Territorio ja memorizado!
Territorio ja memorizado!
Territorio ja memorizado!
Territorio ja memorizado!
Territorio ja memorizado!
Territorio ja memorizado!
Territorio ja memorizado!
Territorio ja memorizado!
Territorio ja memorizado!
Territorio ja memorizado!
Territorio ja memorizado!
Territorio ja memorizado!
Territorio ja memorizado!
Territorio ja memorizado!
Territorio ja memorizado!
Territorio ja memorizado!
Territorio ja memorizado!
Territorio ja memorizado!
Territorio ja memorizado!
Territorio ja memorizado!
Territorio ja memorizado!
Territorio ja memorizado!
Territorio ja memorizado!
Territorio ja memorizado!
Territorio ja memorizado!
Territorio ja memorizado!
Territorio ja memorizado!
Territorio ja memorizado!
Territorio ja memorizado!
Territorio ja memorizado!
-1074162
-1064652
-1061312
-988092
-963476
-926814
-923637
-837926
-833490
-832994
-762300
-757001
-710677
-626368
-606738
-596511
-594938
-592546
-524344
-522557
-502807
-463602
-461569
-395732
-358650
-347162
-341324
-283633
-241869
-227085
298
497
645
5784
6324
6406
6604
7680
1304
1549
1552
1560
1561
7983
1562
1563
1564
1565
1566
1629
1659
2105
4047
4347
4580
5860
6481
6659
6775
6971
6995
7023
7114
7148
7179
7186
7207
7257
7278
8551
8552
8553
7280
7301
7303
7306
7314
7382
7435
7664
7704
7705
7706
7707
7708
7709
7710
3567
7711
7712
7713
7714
7730
7732
7741
7748
7751
7754
7756
7763
7767
7769
7772
7777
7778
7779
7780
7781
7784
7786
7788
7789
7791
7792
7793
7794
7799
7806
7820
7821
7822
7824
7825
7826
7827
2478
3413
3582
3583
2714
9870
5781
7832
7833
7862
3870
7866
8564
8565
3285
6476
6511
4552
9646
9647
9648
9650
9651
9653
9654
9656
9657
9658
9661
9664
9665
9668
9669
9670
9671
9672
9673
9674
9675
9676
9678
9679
9682
9688
9689
9694
9848
6495
6497
6508
6511
6517
6528
6529
6530
6531
6532
6552
6673
12
1058
1336
1540
2917
2969
7017
7041
7044
7056
7057
7058
5776
5777
5779
5846
5937
6004
6039
6124
6146
6204
6277
6843
7191
7497
7498
4813
6239
6306
2257
3097
4078
7052
7500
7501
7504
7505
7506
7533
7535
7536
7537
7575
7614
7615
7625
7639
7655
7672
7688
9101
7893
7952
8015
8018
8020
8040
8061
8123
8152
8154
8156
8158
8160
8161
8162
8163
8164
2684
8165
8181
8197
8199
8203
8209
531
2699
3712
8222
8223
8224
8225
8226
8227
8228
8265
8484
8730
9008
9232
9876
9945
9954
9955
719
1392
1408
1413
1465
2153
9982
9991
9995
9996
9997
9998
9999
10000
10001
1439
1871
1921
1959
1969
1970
1977
1979
1982
1995
1999
2007
2008
2009
2013
2014
2015
2017
2018
2020
2021
2023
2053
2270
2271
2283
2287
2347
1751
2468
2473
2505
2797
2823
2922
2923
2924
2925
2927
2947
2964
3008
3035
3043
3119
3152
3163
3164
3165
3513
2821
3562
3750
3904
4141
4194
4204
4213
4285
4386
4389
4401
4418
4425
4428
4438
4444
4446
4454
4462
4463
4465
4466
4467
4471
4484
4493
4512
4516
4518
4520
4525
4526
4527
4529
4531
4545
4568
4576
4578
4579
4580
4583
4587
4588
4589
4590
4591
4985
4986
4987
5005
5006
5410
5411
4289
5014
5137
5290
5312
5328
5330
5371
5659
7233
8049
8506
9475
9585
9586
9587
9588
7760
8144
8305
9296
9531
9602
9611
9632
9674
9675
9676
9681
9685
9691
9696
9734
9735
9736
9737
4535
4539
4559
4569
4570
4572
4575
5655
6791
8082
8737
9085
9872
9882
9883
9884
9885
9915
9996
9997
9998
9999
4
8
12
23
24
26
28
31
35
98
102
117
123
130
140
141
142
143
144
8480
8481
145
146
147
148
150
160
171
194
197
198
200
203
208
209
235
354
374
216
240
255
485
510
526
528
537
538
539
540
630
633
682
695
698
706
707
711
713
727
4902
4903
8314
940
985
1029
1071
1096
1103
1197
1432
1619
1631
2547
1735
1736
1738
1747
1751
1754
3587
3680
3801
5233
5242
5254
5351
6248
7890
7897
7919
7930
8225
8229
8231
8263
8271
8294
8295
8296
8298
8311
8367
8685
8744
8745
8746
3687
8118
3698
3699
3706
3709
3724
3750
8289
8290
8248
393
1321
7349
3713
7999
9364
9369
9375
9382
5600
83
1148
1432
1469
3459
3465
3535
3548
3626
3662
3670
3738
3839
3906
4357
4358
4583
4649
4769
4820
4822
4826
4829
4923
5195
5236
5238
5244
5251
5252
5259
5266
5285
5286
5293
5295
5300
5301
5304
5305
5306
8638
5342
5458
5459
14
5467
4740
5468
5727
6453
6572
6573
6574
6575
6581
6582
6584
7126
7146
7164
7343
7416
7666
8606
8735
8767
8834
8846
8853
8905
4071
8906
3051
8997
9120
9484
9581
9642
9646
9654
9656
9658
9664
9896
9898
9899
9900
5609
5819
9901
5128
9902
9903
9905
9907
9909
9912
9916
9917
9919
9920
9921
9922
9923
9925
9929
9945
9948
9949
9950
9953
2297
2781
3208
3212
3215
3257
3462
4538
5232
5233
5234
3312
2301
4303
5212
5682
8019
8829
8903
8906
8939
8940
8967
8974
9121
9140
9337
9368
9472
9473
9475
9478
9479
9480
9481
9482
9483
9484
8566
8737
8805
8889
8920
8951
9002
9664
9699
9717
9810
9811
9812
3881
9819
9839
9880
9881
2083
6211
7134
7704
8232
8473
8809
8841
9917
9918
9919
2213
7200
7223
9920
9921
9926
9929
9930
9931
9932
9933
9934
9938
9941
9945
9952
9404
9953
9956
9969
9994
58
60
61
63
77
78
79
83
86
87
88
90
91
92
96
98
99
100
101
103
104
106
1179
1180
1181
1182
1183
579
611
639
1074
1105
1129
1130
587
2690
2691
769
774
776
818
823
836
931
1349
1757
1920
1921
1922
1923
1924
1925
1926
1927
1928
1929
1930
1931
1935
1936
1937
13
1946
3893
1384
3973
4262
4388
4891
5791
5792
5793
5794
2108
2842
2876
2895
2896
2897
2899
2900
2901
2904
2930
2949
2950
2951
3638
2956
2958
2968
2974
3185
3207
3352
3388
3402
3404
3424
4313
5733
5734
5735
5736
55
2805
2906
3086
6521
69
2045
2080
2081
2086
3095
3160
3188
3309
3366
3406
3408
3411
3424
3441
3504
3526
3527
3534
1941
2023
3543
3544
3545
3546
3547
3548
3549
3550
3554
3555
3556
3561
3603
3612
3669
5925
6490
6541
8008
7256
4452
4457
4465
4478
4565
4794
4880
4987
5703
5787
5870
5914
6006
6320
6321
6328
6331
6332
6333
6336
6337
6338
6339
6340
6341
6342
6725
6742
1400
7951
9374
9375
7952
7953
7954
7955
7958
8006
8016
8170
8185
8196
8218
8276
8292
8296
8297
8311
8312
8318
8319
8320
8783
8784
3985
3986
305
9130
9248
9255
9284
9286
9612
9995
225
1001
1018
1022
1034
1057
1082
1083
1085
1087
1090
1107
1113
1114
1115
1116
1133
1143
1153
1154
1155
1156
1157
1158
9406
1166
6402
6924
6965
6987
8867
4786
1200
1204
1205
1208
1209
1210
1226
3295
4148
1228
1237
1363
1374
1379
1389
1398
1399
1402
1403
1407
1408
1409
1410
1412
1459
1467
1471
1474
1477
1484
1489
1570
2066
2449
2784
4127
6224
6313
6545
6546
6577
6995
7025
7084
7127
2193
2194
2199
2215
2259
3262
2258
2330
2331
2332
2361
2398
2712
2875
3248
4572
4661
4738
4761
6273
6825
7067
7080
7081
7082
7083
5686
5826
2679
6009
6039
6080
6348
6466
7279
7280
7281
7282
3420
7583
8033
8751
8843
9196
9906
9931
9956
9968
5
10
15
18
19
20
21
22
23
2921
3290
4395
6641
7379
7380
7381
7382
7383
7384
7385
7386
30
176
217
225
226
230
412
413
414
696
697
113
784
1150
1463
1475
1476
1478
1493
1523
1887
3009
3272
3410
7909
6829
8441
9172
9820
9821
1617
1638
1672
1675
1679
1693
1741
1871
1878
1886
1936
1977
1985
1988
2087
2092
2142
2150
2159
2782
2885
3134
3154
3179
3366
3771
4218
4247
4250
4256
4257
4258
4260
4269
4272
4284
4287
4290
4311
4340
4370
4371
4375
4376
4377
4378
4379
4702
4888
4924
4927
4982
5050
5798
6337
6486
6534
6825
6874
6875
4380
4381
6747
6748
4382
4383
4384
4399
4400
4401
9028
6273
4402
4404
4408
4409
4410
4460
4491
4754
4796
4800
4801
4803
4804
4805
4806
4807
4827
4840
4867
4878
4879
4880
4881
4883
5838
8967
7375
8920
9925
-1042600
-1038962
-1012231
-934489
-905020
-893711
-815313
-803086
-788819
-725441
-671010
-588378
-584835
-583408
-510983
-505755
-490099
-460191
-384919
-349573
-320632
-315929
-275387
-234629
-226065
6495
6497
6508
6511
6517
6528
6530
6531
6532
6552
6673
12
1058
1336
1540
2917
2969
7017
7041
7044
7056
7057
7058
5776
5777
5779
5937
6004
6039
6124
6146
6204
6277
6843
7191
7497
7498
4813
6239
6306
2257
3097
4078
7052
7500
7501
7504
7505
7506
7533
7536
7537
7575
7614
7615
7625
7639
7655
7672
7688
9101
7893
7952
8015
8018
8020
8040
8061
8123
8152
8154
8156
8158
8160
8161
8162
8163
8164
2684
8165
8181
8197
8199
8203
8209
531
2699
3712
8222
8223
8224
8225
8226
8227
8228
8265
8484
8730
9008
9232
9876
9945
9954
9955
719
1392
1408
1413
1465
2153
9982
9991
9995
9996
9997
9999
10000
10001
2297
2781
3208
3212
3215
3257
3462
4538
5232
5233
5234
2301
4303
5212
5682
8019
8829
8903
8906
8939
8940
8967
8974
9121
9140
9337
9368
9472
9473
9475
9478
9479
9480
9481
9482
9483
9484
8566
8737
8805
8920
8951
9002
9664
9699
9717
9811
9812
3881
9819
9839
9880
9881
2083
6211
7134
8232
8473
8809
8841
9917
9918
9919
2213
7200
7223
9920
9921
9926
9929
9930
9931
9932
9933
9934
9938
9941
9945
9404
9953
9956
9969
9994
6
50
51
52
322
745
746
747
884
885
889
891
914
917
919
921
986
998
1052
1058
1065
1105
1142
1334
1341
1362
1366
1388
1406
1710
1718
1751
1806
1808
2642
2643
2648
2649
2650
2655
4208
5098
6091
2733
2735
2743
2771
2931
3010
3011
3012
3017
3275
4868
5138
5213
5380
1290
5522
5607
5627
5648
5649
222
4751
5652
5658
5671
6127
6146
6155
6159
6166
6170
6173
6174
6176
6222
6237
6805
6806
1508
6179
6180
6181
6182
6190
6214
6215
6841
6890
6891
6892
2617
2972
3445
3729
3839
3841
4705
4736
5813
7721
7750
7776
7889
7890
4169
4822
5333
7474
7920
8380
8468
8824
9104
9112
9275
9293
9318
9320
3652
6970
7069
7963
9040
9337
9689
9690
9691
9692
9693
2779
9028
9350
9366
9367
9369
9372
9374
5101
9881
9917
9918
9920
9921
9922
9925
9931
9946
9968
9989
9990
8063
8064
6014
8666
9216
9992
9993
9994
8742
9846
9924
160
9927
9928
9930
9944
9947
9965
9966
9979
4823
4917
4994
5126
5184
5230
7489
5417
5563
5783
9980
8086
8572
8979
9086
9090
9099
9102
9110
9111
9125
9127
9128
9131
9139
9981
9982
9991
9995
9996
9997
9998
9999
9962
10000
10001
10002
10003
10004
10005
10006
10007
10008
10009
10010
112
402
3607
3922
4314
4342
4414
4415
4416
4417
4426
4435
4436
4437
4439
4440
4441
4443
4444
4447
4448
4449
4450
4458
4459
4460
4462
4463
4464
4466
4469
7378
7379
7380
7381
7382
265
4479
2675
2758
2772
4482
4726
4727
4728
2995
4325
6657
6972
7072
7084
7090
7152
7159
7259
7351
7407
7420
5540
7432
7438
7441
7541
7651
8785
8786
8787
8789
8851
8963
9175
9179
9180
9181
9183
9193
9205
9206
9209
9212
9214
9216
9217
9218
9229
9231
9259
9673
9700
9702
9704
9866
6616
6658
6753
8999
9010
9100
9240
9317
9679
9680
8271
9685
9899
9900
9901
9902
9903
9904
9907
9910
9912
9934
9950
9951
9952
9953
9954
9955
9956
9957
9958
9961
9962
9964
9966
9967
9969
9970
9971
9972
9973
9974
9975
9976
1104
4129
4573
5136
5219
5235
5669
9654
9977
9978
6603
6604
2639
6605
6606
6607
1620
8004
8272
9477
9878
9983
9998
9999
220
232
266
793
1334
1887
2140
2201
2382
2488
2622
3817
4286
4696
4915
4936
4937
4939
4969
4970
4971
4973
4977
4988
4990
4994
4995
4996
5030
5073
5087
5111
5140
5817
6213
7333
7501
7543
7554
7565
7584
2464
7614
7615
7646
7681
7729
7730
7731
7732
7734
7735
7736
4381
4382
3279
5528
5615
5940
6645
7950
729
9113
9347
9594
9659
9743
9896
9967
9968
9969
9970
9971
9974
9975
9976
9977
9978
9979
9982
1
5783
6338
6339
2
3
10
30
35
1264
5997
55
71
112
120
127
138
169
176
184
186
193
295
334
335
402
427
841
4981
5007
5157
5395
5407
962
8146
8147
7012
7055
7263
7269
8050
8495
8606
8607
8608
8620
3850
8623
8630
8635
8664
8688
8693
8956
8957
2439
9628
9629
9630
9631
9632
9633
3405
3844
3878
3883
3884
3887
3902
3904
3905
3908
4106
4926
9736
9820
9856
9861
9924
9936
9988
9989
9990
9991
9994
8602
8692
8695
8697
8719
9384
9777
1
2
3
4
6
8
9
10
2634
3080
3081
3082
47
187
209
211
212
215
219
225
226
227
243
309
346
371
375
376
387
395
396
404
410
430
602
1282
1318
1351
1425
1428
1432
1436
1439
1443
1458
1579
1664
1669
1754
2755
2809
2871
3225
4170
9200
9201
3463
3515
3584
3747
4064
4068
5172
5726
6147
6148
2312
6202
6760
7898
7924
7925
7926
7931
7949
7950
7989
8006
8008
8010
8021
8029
8041
8046
8051
8332
8759
8790
8904
9100
9581
4
8
12
23
24
26
28
31
35
98
102
117
123
130
140
141
142
143
144
8480
8481
145
146
147
150
160
171
194
197
198
200
203
208
209
354
374
216
240
255
485
510
526
528
537
538
539
540
630
633
682
695
698
706
707
711
713
727
4902
4903
8314
940
1029
1071
1096
1103
1432
1619
1631
2547
1735
1736
1738
1747
1751
1754
3587
3680
3801
5233
5242
5254
5351
6248
7890
7897
7919
7930
8225
8229
8231
8263
8271
8294
8295
8296
8298
8311
8367
8685
8744
8745
8746
3687
8118
3698
3699
3706
3709
3724
3750
8289
8290
393
1321
7349
3713
7999
9364
9369
9375
9382
5600
