A = Polinomio vazio!
B = Polinomio vazio!
C = Polinomio vazio!
D = Polinomio vazio!
E = Polinomio vazio!
F = Polinomio vazio!
G = Polinomio vazio!
H = Polinomio vazio!
I = Polinomio vazio!
J = Polinomio vazio!
Notação infixa: A*B*C*D
Notação prefixa: ***ABCD
Notação posfixa: AB*C*D*
AB*C*D* = Polinomio vazio!
A = 4.0x^4 +3.0x^3 +2.0x
B = 4.0x^4 +3.0x^3 +2.0x^2
C = 4.0x^3 +4.0x^2
D = 2.0x^4 +2.0x^3 +4.0x^2
E = 2.0x^5 +2.0x^3 +4.0x^2
F = 2.0x^6 +2.0x^3 +4.0x^2
G = 2.0x^7 +2.0x^3 +4.0x^2
H = 2.0x^8 +2.0x^3 +4.0x^2
I = 2.0x^9 +2.0x^3 +4.0x^2
J = 2.0x^10 +2.0x^3 +4.0x^2
A = 4.0x^4 +3.0x^3 +2.0x
B = 4.0x^4 +3.0x^3 +2.0x^2
C = 4.0x^3 +4.0x^2
D = 2.0x^4 +2.0x^3 +4.0x^2
E = 2.0x^5 +2.0x^3 +4.0x^2
F = 2.0x^6 +2.0x^3 +4.0x^2
G = 2.0x^7 +2.0x^3 +4.0x^2
H = 2.0x^8 +2.0x^3 +4.0x^2
I = 2.0x^9 +2.0x^3 +4.0x^2
J = 2.0x^10 +2.0x^3 +4.0x^2
Notação infixa: (A+B)*(C-D)-((E+F-G*(H-I))+J)
Notação prefixa: -*+AB-CD+-+EF*G-HIJ
Notação posfixa: AB+CD-*EF+GHI-*-J+-
AB+CD-*EF+GHI-*-J+- = -4.0x^16 +4.0x^15 -4.0x^12 -4.0x^11 +6.0x^10 0.0x^9 -16.0x^8 +4.0x^7 +6.0x^6 -2.0x^5 +4.0x^4 -6.0x^3 -12.0x^2
