Alcunha: Lancer
Funcao: Suporte
Poder: 858
Capitao do esquadrao

O tutor ja e responsavel por um membro desta funcao!
Membro ja registrado na guilda!
Membro ja registrado na guilda!
Membro nao registado na guilda!
Membro nao registado na guilda!
Alcunha: Lancer
Funcao: Suporte
Poder: 858
Capitao do esquadrao

Alcunha: Berserker
Funcao: Suporte
Poder: 663
Tutor: Lancer

Alcunha: Archer
Funcao: Combatente
Poder: 316
Tutor: Lancer

Opcao invalida!
Vencedor: Slayer
Poderio: 869
Capitao comum: Archer
Vencedor: Archer
Poderio: 1466
Alcunha: Brawler
Funcao: Lider da guilda
Poder: 697
Capitao do esquadrao

Alcunha: Lancer
Funcao: Suporte
Poder: 858
Tutor: Brawler

Alcunha: Berserker
Funcao: Suporte
Poder: 663
Tutor: Lancer

Alcunha: Archer
Funcao: Combatente
Poder: 316
Tutor: Lancer

Alcunha: Reaper
Funcao: Combatente
Poder: 281
Tutor: Archer

Alcunha: Slayer
Funcao: Combatente
Poder: 869
Tutor: Reaper

Alcunha: Gunner
Funcao: Combatente
Poder: 79
Tutor: Brawler

Alcunha: Warrior
Funcao: Combatente
Poder: 767
Tutor: Gunner

Nao se pode expulsar o lider da guilda!
Capitao comum: Lancer
Vencedor: Archer
Poderio: 1466
Capitao comum: Brawler
Alcunha: Gunner
Funcao: Combatente
Poder: 79
Capitao do esquadrao

Alcunha: Warrior
Funcao: Combatente
Poder: 767
Tutor: Gunner

Membro nao registado na guilda!
Alcunha: Brawler
Funcao: Lider da guilda
Poder: 697
Capitao do esquadrao

Alcunha: Gunner
Funcao: Combatente
Poder: 79
Tutor: Brawler

Alcunha: Warrior
Funcao: Combatente
Poder: 767
Tutor: Gunner

